=== Job 27653137 started (index=0) ===
Working directory: /zhome/b5/a/202220/41391/Assignment1/gs_redblack
Hostname: n-62-21-44
Start time: Mon Jan 19 13:46:55 CET 2026
Cores allocated by LSF (-n) = 24

===== Running sweep case: threads=1 =====
Time: Mon Jan 19 13:46:55 CET 2026
 Starting Poisson 3D solver with the following parameters:
   N (interior grid size)      =          100
   itermax (max iterations)    =         5000
   convergence tolerance       =    1.0000000000000001E-005
   Iterative algorithm         =            2
   OpenMP max threads          =            1
   OpenMP thread limit         =   2147483647
   OpenMP dynamic threads      =  F
 Solving...
Entering gauss_seidel; first parallel region beginning.
OpenMP: gauss_seidel threads used = 1
Exiting gauss_seidel; last OpenMP region completed
gauss_seidel: total parallel update wall time (s) =  1.5254613978439011E+01
Checksum slice: y-mid plane index j = 51
  sum(u)      =  1.9493520784918100E+05
  min(u)      =  1.6893087421561724E+01
  max(u)      =  2.0000000000000000E+01
 poisson3d successfully executed. Exiting...

===== Running sweep case: threads=2 =====
Time: Mon Jan 19 13:47:10 CET 2026
 Starting Poisson 3D solver with the following parameters:
   N (interior grid size)      =          100
   itermax (max iterations)    =         5000
   convergence tolerance       =    1.0000000000000001E-005
   Iterative algorithm         =            2
   OpenMP max threads          =            2
   OpenMP thread limit         =   2147483647
   OpenMP dynamic threads      =  F
 Solving...
Entering gauss_seidel; first parallel region beginning.
OpenMP: gauss_seidel threads used = 2
Exiting gauss_seidel; last OpenMP region completed
gauss_seidel: total parallel update wall time (s) =  7.6949237370863557E+00
Checksum slice: y-mid plane index j = 51
  sum(u)      =  1.9493520784918100E+05
  min(u)      =  1.6893087421561724E+01
  max(u)      =  2.0000000000000000E+01
 poisson3d successfully executed. Exiting...

===== Running sweep case: threads=3 =====
Time: Mon Jan 19 13:47:18 CET 2026
 Starting Poisson 3D solver with the following parameters:
   N (interior grid size)      =          100
   itermax (max iterations)    =         5000
   convergence tolerance       =    1.0000000000000001E-005
   Iterative algorithm         =            2
   OpenMP max threads          =            3
   OpenMP thread limit         =   2147483647
   OpenMP dynamic threads      =  F
 Solving...
Entering gauss_seidel; first parallel region beginning.
OpenMP: gauss_seidel threads used = 3
Exiting gauss_seidel; last OpenMP region completed
gauss_seidel: total parallel update wall time (s) =  5.1769360458711162E+00
Checksum slice: y-mid plane index j = 51
  sum(u)      =  1.9493520784918100E+05
  min(u)      =  1.6893087421561724E+01
  max(u)      =  2.0000000000000000E+01
 poisson3d successfully executed. Exiting...

===== Running sweep case: threads=4 =====
Time: Mon Jan 19 13:47:23 CET 2026
 Starting Poisson 3D solver with the following parameters:
   N (interior grid size)      =          100
   itermax (max iterations)    =         5000
   convergence tolerance       =    1.0000000000000001E-005
   Iterative algorithm         =            2
   OpenMP max threads          =            4
   OpenMP thread limit         =   2147483647
   OpenMP dynamic threads      =  F
 Solving...
Entering gauss_seidel; first parallel region beginning.
OpenMP: gauss_seidel threads used = 4
Exiting gauss_seidel; last OpenMP region completed
gauss_seidel: total parallel update wall time (s) =  3.9119543402921408E+00
Checksum slice: y-mid plane index j = 51
  sum(u)      =  1.9493520784918100E+05
  min(u)      =  1.6893087421561724E+01
  max(u)      =  2.0000000000000000E+01
 poisson3d successfully executed. Exiting...

===== Running sweep case: threads=5 =====
Time: Mon Jan 19 13:47:28 CET 2026
 Starting Poisson 3D solver with the following parameters:
   N (interior grid size)      =          100
   itermax (max iterations)    =         5000
   convergence tolerance       =    1.0000000000000001E-005
   Iterative algorithm         =            2
   OpenMP max threads          =            5
   OpenMP thread limit         =   2147483647
   OpenMP dynamic threads      =  F
 Solving...
Entering gauss_seidel; first parallel region beginning.
OpenMP: gauss_seidel threads used = 5
Exiting gauss_seidel; last OpenMP region completed
gauss_seidel: total parallel update wall time (s) =  3.1490799026796594E+00
Checksum slice: y-mid plane index j = 51
  sum(u)      =  1.9493520784918100E+05
  min(u)      =  1.6893087421561724E+01
  max(u)      =  2.0000000000000000E+01
 poisson3d successfully executed. Exiting...

===== Running sweep case: threads=6 =====
Time: Mon Jan 19 13:47:31 CET 2026
 Starting Poisson 3D solver with the following parameters:
   N (interior grid size)      =          100
   itermax (max iterations)    =         5000
   convergence tolerance       =    1.0000000000000001E-005
   Iterative algorithm         =            2
   OpenMP max threads          =            6
   OpenMP thread limit         =   2147483647
   OpenMP dynamic threads      =  F
 Solving...
Entering gauss_seidel; first parallel region beginning.
OpenMP: gauss_seidel threads used = 6
Exiting gauss_seidel; last OpenMP region completed
gauss_seidel: total parallel update wall time (s) =  2.6436043176800013E+00
Checksum slice: y-mid plane index j = 51
  sum(u)      =  1.9493520784918100E+05
  min(u)      =  1.6893087421561724E+01
  max(u)      =  2.0000000000000000E+01
 poisson3d successfully executed. Exiting...

===== Running sweep case: threads=7 =====
Time: Mon Jan 19 13:47:34 CET 2026
 Starting Poisson 3D solver with the following parameters:
   N (interior grid size)      =          100
   itermax (max iterations)    =         5000
   convergence tolerance       =    1.0000000000000001E-005
   Iterative algorithm         =            2
   OpenMP max threads          =            7
   OpenMP thread limit         =   2147483647
   OpenMP dynamic threads      =  F
 Solving...
Entering gauss_seidel; first parallel region beginning.
OpenMP: gauss_seidel threads used = 7
Exiting gauss_seidel; last OpenMP region completed
gauss_seidel: total parallel update wall time (s) =  2.2810901731718332E+00
Checksum slice: y-mid plane index j = 51
  sum(u)      =  1.9493520784918100E+05
  min(u)      =  1.6893087421561724E+01
  max(u)      =  2.0000000000000000E+01
 poisson3d successfully executed. Exiting...

===== Running sweep case: threads=8 =====
Time: Mon Jan 19 13:47:36 CET 2026
 Starting Poisson 3D solver with the following parameters:
   N (interior grid size)      =          100
   itermax (max iterations)    =         5000
   convergence tolerance       =    1.0000000000000001E-005
   Iterative algorithm         =            2
   OpenMP max threads          =            8
   OpenMP thread limit         =   2147483647
   OpenMP dynamic threads      =  F
 Solving...
Entering gauss_seidel; first parallel region beginning.
OpenMP: gauss_seidel threads used = 8
Exiting gauss_seidel; last OpenMP region completed
gauss_seidel: total parallel update wall time (s) =  2.0099104435648769E+00
Checksum slice: y-mid plane index j = 51
  sum(u)      =  1.9493520784918100E+05
  min(u)      =  1.6893087421561724E+01
  max(u)      =  2.0000000000000000E+01
 poisson3d successfully executed. Exiting...

===== Running sweep case: threads=9 =====
Time: Mon Jan 19 13:47:38 CET 2026
 Starting Poisson 3D solver with the following parameters:
   N (interior grid size)      =          100
   itermax (max iterations)    =         5000
   convergence tolerance       =    1.0000000000000001E-005
   Iterative algorithm         =            2
   OpenMP max threads          =            9
   OpenMP thread limit         =   2147483647
   OpenMP dynamic threads      =  F
 Solving...
Entering gauss_seidel; first parallel region beginning.
OpenMP: gauss_seidel threads used = 9
Exiting gauss_seidel; last OpenMP region completed
gauss_seidel: total parallel update wall time (s) =  1.8027559268521145E+00
Checksum slice: y-mid plane index j = 51
  sum(u)      =  1.9493520784918100E+05
  min(u)      =  1.6893087421561724E+01
  max(u)      =  2.0000000000000000E+01
 poisson3d successfully executed. Exiting...

===== Running sweep case: threads=10 =====
Time: Mon Jan 19 13:47:40 CET 2026
 Starting Poisson 3D solver with the following parameters:
   N (interior grid size)      =          100
   itermax (max iterations)    =         5000
   convergence tolerance       =    1.0000000000000001E-005
   Iterative algorithm         =            2
   OpenMP max threads          =           10
   OpenMP thread limit         =   2147483647
   OpenMP dynamic threads      =  F
 Solving...
Entering gauss_seidel; first parallel region beginning.
OpenMP: gauss_seidel threads used = 10
Exiting gauss_seidel; last OpenMP region completed
gauss_seidel: total parallel update wall time (s) =  1.6278756516985595E+00
Checksum slice: y-mid plane index j = 51
  sum(u)      =  1.9493520784918100E+05
  min(u)      =  1.6893087421561724E+01
  max(u)      =  2.0000000000000000E+01
 poisson3d successfully executed. Exiting...

===== Running sweep case: threads=11 =====
Time: Mon Jan 19 13:47:42 CET 2026
 Starting Poisson 3D solver with the following parameters:
   N (interior grid size)      =          100
   itermax (max iterations)    =         5000
   convergence tolerance       =    1.0000000000000001E-005
   Iterative algorithm         =            2
   OpenMP max threads          =           11
   OpenMP thread limit         =   2147483647
   OpenMP dynamic threads      =  F
 Solving...
Entering gauss_seidel; first parallel region beginning.
OpenMP: gauss_seidel threads used = 11
Exiting gauss_seidel; last OpenMP region completed
gauss_seidel: total parallel update wall time (s) =  1.4979835133999586E+00
Checksum slice: y-mid plane index j = 51
  sum(u)      =  1.9493520784918100E+05
  min(u)      =  1.6893087421561724E+01
  max(u)      =  2.0000000000000000E+01
 poisson3d successfully executed. Exiting...

===== Running sweep case: threads=12 =====
Time: Mon Jan 19 13:47:43 CET 2026
 Starting Poisson 3D solver with the following parameters:
   N (interior grid size)      =          100
   itermax (max iterations)    =         5000
   convergence tolerance       =    1.0000000000000001E-005
   Iterative algorithm         =            2
   OpenMP max threads          =           12
   OpenMP thread limit         =   2147483647
   OpenMP dynamic threads      =  F
 Solving...
Entering gauss_seidel; first parallel region beginning.
OpenMP: gauss_seidel threads used = 12
Exiting gauss_seidel; last OpenMP region completed
gauss_seidel: total parallel update wall time (s) =  1.4028662885539234E+00
Checksum slice: y-mid plane index j = 51
  sum(u)      =  1.9493520784918100E+05
  min(u)      =  1.6893087421561724E+01
  max(u)      =  2.0000000000000000E+01
 poisson3d successfully executed. Exiting...

===== Running sweep case: threads=13 =====
Time: Mon Jan 19 13:47:45 CET 2026
 Starting Poisson 3D solver with the following parameters:
   N (interior grid size)      =          100
   itermax (max iterations)    =         5000
   convergence tolerance       =    1.0000000000000001E-005
   Iterative algorithm         =            2
   OpenMP max threads          =           13
   OpenMP thread limit         =   2147483647
   OpenMP dynamic threads      =  F
 Solving...
Entering gauss_seidel; first parallel region beginning.
OpenMP: gauss_seidel threads used = 13
Exiting gauss_seidel; last OpenMP region completed
gauss_seidel: total parallel update wall time (s) =  1.4847885260824114E+00
Checksum slice: y-mid plane index j = 51
  sum(u)      =  1.9493520784918100E+05
  min(u)      =  1.6893087421561724E+01
  max(u)      =  2.0000000000000000E+01
 poisson3d successfully executed. Exiting...

===== Running sweep case: threads=14 =====
Time: Mon Jan 19 13:47:46 CET 2026
 Starting Poisson 3D solver with the following parameters:
   N (interior grid size)      =          100
   itermax (max iterations)    =         5000
   convergence tolerance       =    1.0000000000000001E-005
   Iterative algorithm         =            2
   OpenMP max threads          =           14
   OpenMP thread limit         =   2147483647
   OpenMP dynamic threads      =  F
 Solving...
Entering gauss_seidel; first parallel region beginning.
OpenMP: gauss_seidel threads used = 14
Exiting gauss_seidel; last OpenMP region completed
gauss_seidel: total parallel update wall time (s) =  1.4007083578035235E+00
Checksum slice: y-mid plane index j = 51
  sum(u)      =  1.9493520784918100E+05
  min(u)      =  1.6893087421561724E+01
  max(u)      =  2.0000000000000000E+01
 poisson3d successfully executed. Exiting...

===== Running sweep case: threads=15 =====
Time: Mon Jan 19 13:47:48 CET 2026
 Starting Poisson 3D solver with the following parameters:
   N (interior grid size)      =          100
   itermax (max iterations)    =         5000
   convergence tolerance       =    1.0000000000000001E-005
   Iterative algorithm         =            2
   OpenMP max threads          =           15
   OpenMP thread limit         =   2147483647
   OpenMP dynamic threads      =  F
 Solving...
Entering gauss_seidel; first parallel region beginning.
OpenMP: gauss_seidel threads used = 15
Exiting gauss_seidel; last OpenMP region completed
gauss_seidel: total parallel update wall time (s) =  1.3274502723943442E+00
Checksum slice: y-mid plane index j = 51
  sum(u)      =  1.9493520784918100E+05
  min(u)      =  1.6893087421561724E+01
  max(u)      =  2.0000000000000000E+01
 poisson3d successfully executed. Exiting...

===== Running sweep case: threads=16 =====
Time: Mon Jan 19 13:47:49 CET 2026
 Starting Poisson 3D solver with the following parameters:
   N (interior grid size)      =          100
   itermax (max iterations)    =         5000
   convergence tolerance       =    1.0000000000000001E-005
   Iterative algorithm         =            2
   OpenMP max threads          =           16
   OpenMP thread limit         =   2147483647
   OpenMP dynamic threads      =  F
 Solving...
Entering gauss_seidel; first parallel region beginning.
OpenMP: gauss_seidel threads used = 16
Exiting gauss_seidel; last OpenMP region completed
gauss_seidel: total parallel update wall time (s) =  1.2487346593989059E+00
Checksum slice: y-mid plane index j = 51
  sum(u)      =  1.9493520784918100E+05
  min(u)      =  1.6893087421561724E+01
  max(u)      =  2.0000000000000000E+01
 poisson3d successfully executed. Exiting...

===== Running sweep case: threads=17 =====
Time: Mon Jan 19 13:47:51 CET 2026
 Starting Poisson 3D solver with the following parameters:
   N (interior grid size)      =          100
   itermax (max iterations)    =         5000
   convergence tolerance       =    1.0000000000000001E-005
   Iterative algorithm         =            2
   OpenMP max threads          =           17
   OpenMP thread limit         =   2147483647
   OpenMP dynamic threads      =  F
 Solving...
Entering gauss_seidel; first parallel region beginning.
OpenMP: gauss_seidel threads used = 17
Exiting gauss_seidel; last OpenMP region completed
gauss_seidel: total parallel update wall time (s) =  1.2160422569140792E+00
Checksum slice: y-mid plane index j = 51
  sum(u)      =  1.9493520784918100E+05
  min(u)      =  1.6893087421561724E+01
  max(u)      =  2.0000000000000000E+01
 poisson3d successfully executed. Exiting...

===== Running sweep case: threads=18 =====
Time: Mon Jan 19 13:47:52 CET 2026
 Starting Poisson 3D solver with the following parameters:
   N (interior grid size)      =          100
   itermax (max iterations)    =         5000
   convergence tolerance       =    1.0000000000000001E-005
   Iterative algorithm         =            2
   OpenMP max threads          =           18
   OpenMP thread limit         =   2147483647
   OpenMP dynamic threads      =  F
 Solving...
Entering gauss_seidel; first parallel region beginning.
OpenMP: gauss_seidel threads used = 18
Exiting gauss_seidel; last OpenMP region completed
gauss_seidel: total parallel update wall time (s) =  1.1759945639641955E+00
Checksum slice: y-mid plane index j = 51
  sum(u)      =  1.9493520784918100E+05
  min(u)      =  1.6893087421561724E+01
  max(u)      =  2.0000000000000000E+01
 poisson3d successfully executed. Exiting...

===== Running sweep case: threads=19 =====
Time: Mon Jan 19 13:47:53 CET 2026
 Starting Poisson 3D solver with the following parameters:
   N (interior grid size)      =          100
   itermax (max iterations)    =         5000
   convergence tolerance       =    1.0000000000000001E-005
   Iterative algorithm         =            2
   OpenMP max threads          =           19
   OpenMP thread limit         =   2147483647
   OpenMP dynamic threads      =  F
 Solving...
Entering gauss_seidel; first parallel region beginning.
OpenMP: gauss_seidel threads used = 19
Exiting gauss_seidel; last OpenMP region completed
gauss_seidel: total parallel update wall time (s) =  1.1243857485242188E+00
Checksum slice: y-mid plane index j = 51
  sum(u)      =  1.9493520784918100E+05
  min(u)      =  1.6893087421561724E+01
  max(u)      =  2.0000000000000000E+01
 poisson3d successfully executed. Exiting...

===== Running sweep case: threads=20 =====
Time: Mon Jan 19 13:47:54 CET 2026
 Starting Poisson 3D solver with the following parameters:
   N (interior grid size)      =          100
   itermax (max iterations)    =         5000
   convergence tolerance       =    1.0000000000000001E-005
   Iterative algorithm         =            2
   OpenMP max threads          =           20
   OpenMP thread limit         =   2147483647
   OpenMP dynamic threads      =  F
 Solving...
Entering gauss_seidel; first parallel region beginning.
OpenMP: gauss_seidel threads used = 20
Exiting gauss_seidel; last OpenMP region completed
gauss_seidel: total parallel update wall time (s) =  1.0862128161825240E+00
Checksum slice: y-mid plane index j = 51
  sum(u)      =  1.9493520784918100E+05
  min(u)      =  1.6893087421561724E+01
  max(u)      =  2.0000000000000000E+01
 poisson3d successfully executed. Exiting...

===== Running sweep case: threads=21 =====
Time: Mon Jan 19 13:47:56 CET 2026
 Starting Poisson 3D solver with the following parameters:
   N (interior grid size)      =          100
   itermax (max iterations)    =         5000
   convergence tolerance       =    1.0000000000000001E-005
   Iterative algorithm         =            2
   OpenMP max threads          =           21
   OpenMP thread limit         =   2147483647
   OpenMP dynamic threads      =  F
 Solving...
Entering gauss_seidel; first parallel region beginning.
OpenMP: gauss_seidel threads used = 21
Exiting gauss_seidel; last OpenMP region completed
gauss_seidel: total parallel update wall time (s) =  1.0557960842270404E+00
Checksum slice: y-mid plane index j = 51
  sum(u)      =  1.9493520784918100E+05
  min(u)      =  1.6893087421561724E+01
  max(u)      =  2.0000000000000000E+01
 poisson3d successfully executed. Exiting...

===== Running sweep case: threads=22 =====
Time: Mon Jan 19 13:47:57 CET 2026
 Starting Poisson 3D solver with the following parameters:
   N (interior grid size)      =          100
   itermax (max iterations)    =         5000
   convergence tolerance       =    1.0000000000000001E-005
   Iterative algorithm         =            2
   OpenMP max threads          =           22
   OpenMP thread limit         =   2147483647
   OpenMP dynamic threads      =  F
 Solving...
Entering gauss_seidel; first parallel region beginning.
OpenMP: gauss_seidel threads used = 22
Exiting gauss_seidel; last OpenMP region completed
gauss_seidel: total parallel update wall time (s) =  1.0136646662140265E+00
Checksum slice: y-mid plane index j = 51
  sum(u)      =  1.9493520784918100E+05
  min(u)      =  1.6893087421561724E+01
  max(u)      =  2.0000000000000000E+01
 poisson3d successfully executed. Exiting...

===== Running sweep case: threads=23 =====
Time: Mon Jan 19 13:47:58 CET 2026
 Starting Poisson 3D solver with the following parameters:
   N (interior grid size)      =          100
   itermax (max iterations)    =         5000
   convergence tolerance       =    1.0000000000000001E-005
   Iterative algorithm         =            2
   OpenMP max threads          =           23
   OpenMP thread limit         =   2147483647
   OpenMP dynamic threads      =  F
 Solving...
Entering gauss_seidel; first parallel region beginning.
OpenMP: gauss_seidel threads used = 23
Exiting gauss_seidel; last OpenMP region completed
gauss_seidel: total parallel update wall time (s) =  9.9325466179288924E-01
Checksum slice: y-mid plane index j = 51
  sum(u)      =  1.9493520784918100E+05
  min(u)      =  1.6893087421561724E+01
  max(u)      =  2.0000000000000000E+01
 poisson3d successfully executed. Exiting...

===== Running sweep case: threads=24 =====
Time: Mon Jan 19 13:47:59 CET 2026
 Starting Poisson 3D solver with the following parameters:
   N (interior grid size)      =          100
   itermax (max iterations)    =         5000
   convergence tolerance       =    1.0000000000000001E-005
   Iterative algorithm         =            2
   OpenMP max threads          =           24
   OpenMP thread limit         =   2147483647
   OpenMP dynamic threads      =  F
 Solving...
Entering gauss_seidel; first parallel region beginning.
OpenMP: gauss_seidel threads used = 24
Exiting gauss_seidel; last OpenMP region completed
gauss_seidel: total parallel update wall time (s) =  9.3231871479656547E-01
Checksum slice: y-mid plane index j = 51
  sum(u)      =  1.9493520784918100E+05
  min(u)      =  1.6893087421561724E+01
  max(u)      =  2.0000000000000000E+01
 poisson3d successfully executed. Exiting...
----- HW report for n-62-21-44 -----
Host: n-62-21-44
Time: Mon Jan 19 13:48:00 CET 2026
-- CPU --
Architecture:                            x86_64
CPU op-mode(s):                          32-bit, 64-bit
Address sizes:                           46 bits physical, 48 bits virtual
Byte Order:                              Little Endian
CPU(s):                                  24
On-line CPU(s) list:                     0-23
Vendor ID:                               GenuineIntel
Model name:                              Intel(R) Xeon(R) CPU E5-2650 v4 @ 2.20GHz
CPU family:                              6
Model:                                   79
Thread(s) per core:                      1
Core(s) per socket:                      12
Socket(s):                               2
Stepping:                                1
CPU(s) scaling MHz:                      76%
CPU max MHz:                             2900.0000
CPU min MHz:                             1200.0000
BogoMIPS:                                4389.61
Flags:                                   fpu vme de pse tsc msr pae mce cx8 apic sep mtrr pge mca cmov pat pse36 clflush dts acpi mmx fxsr sse sse2 ss ht tm pbe syscall nx pdpe1gb rdtscp lm constant_tsc arch_perfmon pebs bts rep_good nopl xtopology nonstop_tsc cpuid aperfmperf pni pclmulqdq dtes64 ds_cpl vmx smx est tm2 ssse3 sdbg fma cx16 xtpr pdcm pcid dca sse4_1 sse4_2 x2apic movbe popcnt tsc_deadline_timer aes xsave avx f16c rdrand lahf_lm abm 3dnowprefetch cpuid_fault epb cat_l3 cdp_l3 invpcid_single pti intel_ppin ssbd ibrs ibpb stibp tpr_shadow vnmi flexpriority ept vpid ept_ad fsgsbase tsc_adjust bmi1 hle avx2 smep bmi2 erms invpcid rtm cqm rdt_a rdseed adx smap intel_pt xsaveopt cqm_llc cqm_occup_llc cqm_mbm_total cqm_mbm_local dtherm ida arat pln pts md_clear flush_l1d ibpb_exit_to_user
Virtualization:                          VT-x
L1d cache:                               768 KiB (24 instances)
L1i cache:                               768 KiB (24 instances)
L2 cache:                                6 MiB (24 instances)
L3 cache:                                60 MiB (2 instances)
NUMA node(s):                            2
NUMA node0 CPU(s):                       0-11
NUMA node1 CPU(s):                       12-23
Vulnerability Gather data sampling:      Not affected
Vulnerability Indirect target selection: Not affected
Vulnerability Itlb multihit:             KVM: Mitigation: VMX disabled
Vulnerability L1tf:                      Mitigation; PTE Inversion
Vulnerability Mds:                       Mitigation; Clear CPU buffers; SMT disabled
Vulnerability Meltdown:                  Mitigation; PTI
Vulnerability Mmio stale data:           Mitigation; Clear CPU buffers; SMT disabled
Vulnerability Reg file data sampling:    Not affected
Vulnerability Retbleed:                  Not affected
Vulnerability Spec rstack overflow:      Not affected
Vulnerability Spec store bypass:         Mitigation; Speculative Store Bypass disabled via prctl
Vulnerability Spectre v1:                Mitigation; usercopy/swapgs barriers and __user pointer sanitization
Vulnerability Spectre v2:                Mitigation; Retpolines; IBPB conditional; IBRS_FW; RSB filling; PBRSB-eIBRS Not affected; BHI Not affected
Vulnerability Srbds:                     Not affected
Vulnerability Tsa:                       Not affected
Vulnerability Tsx async abort:           Mitigation; Clear CPU buffers; SMT disabled
Vulnerability Vmscape:                   Mitigation; IBPB before exit to userspace
-- Memory --
               total        used        free      shared  buff/cache   available
Mem:           250Gi       2.9Gi       247Gi        19Mi       2.4Gi       248Gi
Swap:           27Gi          0B        27Gi
-- NUMA --
available: 2 nodes (0-1)
node 0 cpus: 0 1 2 3 4 5 6 7 8 9 10 11
node 0 size: 128039 MB
node 0 free: 126588 MB
node 1 cpus: 12 13 14 15 16 17 18 19 20 21 22 23
node 1 size: 128967 MB
node 1 free: 126632 MB
node distances:
node     0    1 
   0:   10   21 
   1:   21   10 
-- Block devices --
NAME     SIZE MODEL               TYPE MOUNTPOINT
sda    447.1G INTEL SSDSC2BX480G4 disk 
├─sda1   128M                     part /boot/efi
├─sda2   1.5G                     part /boot
├─sda3     1G                     part /var/cache/fscache
├─sda4  73.2G                     part /
├─sda5  34.2G                     part /usr
├─sda6    20G                     part [SWAP]
└─sda7 317.1G                     part /tmp
zram0      8G                     disk [SWAP]
-- GPU --
No nvidia-smi
-- Kernel --
Linux n-62-21-44 6.1.159-1.el9.elrepo.x86_64 #1 SMP PREEMPT_DYNAMIC Sat Dec  6 18:46:08 EST 2025 x86_64 x86_64 x86_64 GNU/Linux

End time: Mon Jan 19 13:48:00 CET 2026
=== Job 27653137 finished (index=0) ===

------------------------------------------------------------
Sender: LSF System <lsfadmin@hpc.dtu.dk>
Subject: Job 27653137: <bmp_hpc_sweep> in cluster <dcc> Done

Job <bmp_hpc_sweep> was submitted from host <n-62-27-22> by user <bmapa> in cluster <dcc> at Mon Jan 19 13:46:54 2026
Job was executed on host(s) <24*n-62-21-44>, in queue <hpcintro>, as user <bmapa> in cluster <dcc> at Mon Jan 19 13:46:54 2026
</zhome/b5/a/202220> was used as the home directory.
</zhome/b5/a/202220/41391/Assignment1/gs_redblack> was used as the working directory.
Started at Mon Jan 19 13:46:54 2026
Terminated at Mon Jan 19 13:48:01 2026
Results reported at Mon Jan 19 13:48:01 2026

Your job looked like:

------------------------------------------------------------
# LSBATCH: User input
#!/usr/bin/env bash

set -euo pipefail
### General options 

# -- specify queue -- 
#BSUB -q hpcintro

# -- Job name (single job that runs a sequential sweep) --
#BSUB -J bmp_hpc_sweep

# -- Reserve a full node (24 cores on this machine) --
#BSUB -n 24

# -- Ensure cores are on the same host -- 
#BSUB -R "span[hosts=1]"

# -- Memory requirements (2–4 GB) -- 
#BSUB -R "rusage[mem=8GB]"
#BSUB -M 8GB

# -- Walltime limit (hh:mm) -- 
#BSUB -W 00:60 

# -- Email notifications (optional) --
###BSUB -u bmapa@dtu.dk
###BSUB -B  # at job start
###BSUB -N  # at job end

# -- Output and error files --
#BSUB -oo output/Output_%J.out
#BSUB -eo output/Error_%J.err

job_id=${LSB_JOBID:-unknown}
job_index=${LSB_JOBINDEX:-0}

echo "=== Job ${job_id} started (index=${job_index}) ==="
echo "Working directory: $(pwd)"
echo "Hostname: $(hostname)"
echo "Start time: $(date)"

nodeCores=${LSB_DJOB_NUMPROC:-24}
echo "Cores allocated by LSF (-n) = $nodeCores"

# ----------------------------------------
# OpenMP settings for reproducible performance
# ----------------------------------------

# Always print OpenMP runtime configuration
export OMP_DISPLAY_ENV=verbose

(... more ...)
------------------------------------------------------------

Successfully completed.

Resource usage summary:

    CPU time :                                   447.25 sec.
    Max Memory :                                 24 MB
    Average Memory :                             24.00 MB
    Total Requested Memory :                     196608.00 MB
    Delta Memory :                               196584.00 MB
    Max Swap :                                   -
    Max Processes :                              4
    Max Threads :                                5
    Run time :                                   66 sec.
    Turnaround time :                            67 sec.

The output (if any) is above this job summary.



PS:

Read file <output/Error_27653137.err> for stderr output of this job.

